2021-05-05 00:26:05 INFO  Library:48 - FindByAuthor: 
2021-05-05 00:26:05 INFO  Library:53 - Book of РџСѓС€РєРёРЅ not found.
2021-05-05 00:26:05 INFO  Library:32 - FindByName: War and Peace found: Book(name=War and Peace, author=Leo Tolstoy)
2021-05-05 00:26:05 INFO  Library:48 - FindByAuthor: 
2021-05-05 00:26:05 INFO  Library:50 - Book(name=Anna Karenina, author=Leo Tolstoy)
2021-05-05 00:26:05 INFO  Library:50 - Book(name=War and Peace, author=Leo Tolstoy)
2021-05-05 00:26:05 INFO  Library:22 - DeleteBook: Anna Karenina remove successful.
2021-05-05 00:28:27 INFO  Library:48 - FindByAuthor: 
2021-05-05 00:28:27 INFO  Library:53 - Book of РџСѓС€РєРёРЅ not found.
2021-05-05 00:28:27 INFO  Library:32 - FindByName: War and Peace found: Book(name=War and Peace, author=Leo Tolstoy)
2021-05-05 00:28:27 INFO  Library:48 - FindByAuthor: 
2021-05-05 00:28:27 INFO  Library:50 - Book(name=Anna Karenina, author=Leo Tolstoy)
2021-05-05 00:28:27 INFO  Library:50 - Book(name=War and Peace, author=Leo Tolstoy)
2021-05-05 00:28:27 INFO  Library:22 - DeleteBook: Anna Karenina remove successful.
2021-05-05 00:32:59 INFO  Library:49 - FindByAuthor: РџСѓС€РєРёРЅ
2021-05-05 00:32:59 INFO  Library:54 - Book of РџСѓС€РєРёРЅ not found.
2021-05-05 00:32:59 INFO  Library:17 - AddBook: Р•РІРіРµРЅРёР№ РћРЅРµРіРёРЅ add successful.
2021-05-05 00:32:59 INFO  Library:17 - AddBook: Р’Р»Р°СЃС‚РµР»РёРЅ РєРѕР»РµС† add successful.
2021-05-05 00:32:59 INFO  Library:17 - AddBook: Р”СѓР±СЂРѕРІСЃРєРёР№ add successful.
2021-05-05 00:32:59 INFO  Library:17 - AddBook: Р’РѕР№РЅР° Рё РјРёСЂ add successful.
2021-05-05 00:32:59 INFO  Library:17 - AddBook: War and Peace add successful.
2021-05-05 00:32:59 INFO  Library:17 - AddBook: Anna Karenina add successful.
2021-05-05 00:32:59 INFO  Library:33 - FindByName: War and Peace found: Book(name=War and Peace, author=Leo Tolstoy)
2021-05-05 00:32:59 INFO  Library:49 - FindByAuthor: Leo Tolstoy
2021-05-05 00:32:59 INFO  Library:51 - --Book(name=Anna Karenina, author=Leo Tolstoy)
2021-05-05 00:32:59 INFO  Library:51 - --Book(name=War and Peace, author=Leo Tolstoy)
2021-05-05 00:32:59 INFO  Library:23 - DeleteBook: Anna Karenina remove successful.
2021-05-05 00:34:10 INFO  - FindByAuthor: РџСѓС€РєРёРЅ
2021-05-05 00:34:10 INFO  - Book of РџСѓС€РєРёРЅ not found.
2021-05-05 00:34:10 INFO  - AddBook: Р•РІРіРµРЅРёР№ РћРЅРµРіРёРЅ add successful.
2021-05-05 00:34:10 INFO  - AddBook: Р’Р»Р°СЃС‚РµР»РёРЅ РєРѕР»РµС† add successful.
2021-05-05 00:34:10 INFO  - AddBook: Р”СѓР±СЂРѕРІСЃРєРёР№ add successful.
2021-05-05 00:34:10 INFO  - AddBook: Р’РѕР№РЅР° Рё РјРёСЂ add successful.
2021-05-05 00:34:10 INFO  - AddBook: War and Peace add successful.
2021-05-05 00:34:10 INFO  - AddBook: Anna Karenina add successful.
2021-05-05 00:34:10 INFO  - FindByName: War and Peace found: Book(name=War and Peace, author=Leo Tolstoy)
2021-05-05 00:34:10 INFO  - FindByAuthor: Leo Tolstoy
2021-05-05 00:34:10 INFO  - --Book(name=Anna Karenina, author=Leo Tolstoy)
2021-05-05 00:34:10 INFO  - --Book(name=War and Peace, author=Leo Tolstoy)
2021-05-05 00:34:10 INFO  - DeleteBook: Anna Karenina remove successful.
2021-05-05 00:40:28 INFO  - AddBook: Р•РІРіРµРЅРёР№ РћРЅРµРіРёРЅ add successful.
2021-05-05 00:40:28 INFO  - AddBook: Р’Р»Р°СЃС‚РµР»РёРЅ РєРѕР»РµС† add successful.
2021-05-05 00:42:02 INFO  - AddBook: Р•РІРіРµРЅРёР№ РћРЅРµРіРёРЅ add successful.
2021-05-05 00:42:02 INFO  - AddBook: Р’Р»Р°СЃС‚РµР»РёРЅ РєРѕР»РµС† add successful.
2021-05-05 00:42:49 INFO  - AddBook: Р•РІРіРµРЅРёР№ РћРЅРµРіРёРЅ add successful.
2021-05-05 00:42:49 INFO  - AddBook: Р’Р»Р°СЃС‚РµР»РёРЅ РєРѕР»РµС† add successful.
2021-05-05 00:43:35 INFO  - AddBook: Р•РІРіРµРЅРёР№ РћРЅРµРіРёРЅ add successful.
2021-05-05 00:43:35 INFO  - AddBook: Р’Р»Р°СЃС‚РµР»РёРЅ РєРѕР»РµС† add successful.
2021-05-05 00:43:35 INFO  - DeleteBook: Р•РІРіРµРЅРёР№ РћРЅРµРіРёРЅ remove successful.
2021-05-05 00:46:09 INFO  - AddBook: Р•РІРіРµРЅРёР№ РћРЅРµРіРёРЅ add successful.
2021-05-05 00:46:09 INFO  - FindByName: Р•РІРіРµРЅРёР№ РћРЅРµРіРёРЅ found: Book(name=Р•РІРіРµРЅРёР№ РћРЅРµРіРёРЅ, author=РџСѓС€РєРёРЅ)
2021-05-05 00:47:31 INFO  - AddBook: Р•РІРіРµРЅРёР№ РћРЅРµРіРёРЅ add successful.
2021-05-05 00:47:31 INFO  - FindByName: Р•РІРіРµРЅРёР№ РћРЅРµРіРёРЅ found: Book(name=Р•РІРіРµРЅРёР№ РћРЅРµРіРёРЅ, author=РџСѓС€РєРёРЅ)
2021-05-05 00:47:31 INFO  - Book Some name not found.
2021-05-05 01:01:34 INFO  - AddBook: Р•РІРіРµРЅРёР№ РћРЅРµРіРёРЅ add successful.
2021-05-05 01:01:34 INFO  - AddBook: Р’Р»Р°СЃС‚РµР»РёРЅ РєРѕР»РµС† add successful.
2021-05-05 01:01:34 INFO  - AddBook: Р”СѓР±СЂРѕРІСЃРєРёР№ add successful.
2021-05-05 01:01:34 INFO  - FindByAuthor: РўРѕР»РєРёРµРЅ
2021-05-05 01:01:34 INFO  - --Book(name=Р’Р»Р°СЃС‚РµР»РёРЅ РєРѕР»РµС†, author=РўРѕР»РєРёРµРЅ)
2021-05-05 01:01:34 INFO  - FindByAuthor: РџСѓС€РєРёРЅ
2021-05-05 01:01:34 INFO  - --Book(name=Р•РІРіРµРЅРёР№ РћРЅРµРіРёРЅ, author=РџСѓС€РєРёРЅ)
2021-05-05 01:01:34 INFO  - --Book(name=Р”СѓР±СЂРѕРІСЃРєРёР№, author=РџСѓС€РєРёРЅ)
2021-05-05 01:02:14 INFO  - AddBook: Р•РІРіРµРЅРёР№ РћРЅРµРіРёРЅ add successful.
2021-05-05 01:02:14 INFO  - AddBook: Р’Р»Р°СЃС‚РµР»РёРЅ РєРѕР»РµС† add successful.
2021-05-05 01:02:14 INFO  - DeleteBook: Р•РІРіРµРЅРёР№ РћРЅРµРіРёРЅ remove successful.
2021-05-05 01:02:14 INFO  - AddBook: Р•РІРіРµРЅРёР№ РћРЅРµРіРёРЅ add successful.
2021-05-05 01:02:14 INFO  - FindByName: Р•РІРіРµРЅРёР№ РћРЅРµРіРёРЅ found: Book(name=Р•РІРіРµРЅРёР№ РћРЅРµРіРёРЅ, author=РџСѓС€РєРёРЅ)
2021-05-05 01:02:14 INFO  - Book Some name not found.
2021-05-05 01:02:14 INFO  - AddBook: Р•РІРіРµРЅРёР№ РћРЅРµРіРёРЅ add successful.
2021-05-05 01:02:14 INFO  - AddBook: Р’Р»Р°СЃС‚РµР»РёРЅ РєРѕР»РµС† add successful.
2021-05-05 01:02:14 INFO  - AddBook: Р•РІРіРµРЅРёР№ РћРЅРµРіРёРЅ add successful.
2021-05-05 01:02:14 INFO  - AddBook: Р’Р»Р°СЃС‚РµР»РёРЅ РєРѕР»РµС† add successful.
2021-05-05 01:02:14 INFO  - AddBook: Р”СѓР±СЂРѕРІСЃРєРёР№ add successful.
2021-05-05 01:02:14 INFO  - FindByAuthor: РўРѕР»РєРёРµРЅ
2021-05-05 01:02:14 INFO  - --Book(name=Р’Р»Р°СЃС‚РµР»РёРЅ РєРѕР»РµС†, author=РўРѕР»РєРёРµРЅ)
2021-05-05 01:02:14 INFO  - FindByAuthor: РџСѓС€РєРёРЅ
2021-05-05 01:02:14 INFO  - --Book(name=Р•РІРіРµРЅРёР№ РћРЅРµРіРёРЅ, author=РџСѓС€РєРёРЅ)
2021-05-05 01:02:14 INFO  - --Book(name=Р”СѓР±СЂРѕРІСЃРєРёР№, author=РџСѓС€РєРёРЅ)
2021-05-05 01:21:09 INFO  - AddBook: Евгений Онегин add successful.
2021-05-05 01:21:09 INFO  - AddBook: Властелин колец add successful.
2021-05-05 01:21:09 INFO  - DeleteBook: Евгений Онегин remove successful.
2021-05-05 01:21:09 INFO  - AddBook: Евгений Онегин add successful.
2021-05-05 01:21:09 INFO  - FindByName: Евгений Онегин found: Book(name=Евгений Онегин, author=Пушкин)
2021-05-05 01:21:09 INFO  - Book Some name not found.
2021-05-05 01:21:09 INFO  - AddBook: Евгений Онегин add successful.
2021-05-05 01:21:09 INFO  - AddBook: Властелин колец add successful.
2021-05-05 01:21:09 INFO  - AddBook: Евгений Онегин add successful.
2021-05-05 01:21:09 INFO  - AddBook: Властелин колец add successful.
2021-05-05 01:21:09 INFO  - AddBook: Дубровский add successful.
2021-05-05 01:21:09 INFO  - FindByAuthor: Толкиен
2021-05-05 01:21:09 INFO  - --Book(name=Властелин колец, author=Толкиен)
2021-05-05 01:21:09 INFO  - FindByAuthor: Пушкин
2021-05-05 01:21:09 INFO  - --Book(name=Евгений Онегин, author=Пушкин)
2021-05-05 01:21:09 INFO  - --Book(name=Дубровский, author=Пушкин)
2021-05-05 01:23:25 INFO  - FindByAuthor: РџСѓС€РєРёРЅ
2021-05-05 01:23:25 INFO  - Book of РџСѓС€РєРёРЅ not found.
2021-05-05 01:23:25 INFO  - AddBook: Р•РІРіРµРЅРёР№ РћРЅРµРіРёРЅ add successful.
2021-05-05 01:23:25 INFO  - AddBook: Р’Р»Р°СЃС‚РµР»РёРЅ РєРѕР»РµС† add successful.
2021-05-05 01:23:25 INFO  - AddBook: Р”СѓР±СЂРѕРІСЃРєРёР№ add successful.
2021-05-05 01:23:25 INFO  - AddBook: Р’РѕР№РЅР° Рё РјРёСЂ add successful.
2021-05-05 01:23:25 INFO  - AddBook: War and Peace add successful.
2021-05-05 01:23:25 INFO  - AddBook: Anna Karenina add successful.
2021-05-05 01:23:25 INFO  - FindByName: War and Peace found: Book(name=War and Peace, author=Leo Tolstoy)
2021-05-05 01:23:25 INFO  - FindByAuthor: Leo Tolstoy
2021-05-05 01:23:25 INFO  - --Book(name=Anna Karenina, author=Leo Tolstoy)
2021-05-05 01:23:25 INFO  - --Book(name=War and Peace, author=Leo Tolstoy)
2021-05-05 01:23:25 INFO  - DeleteBook: Anna Karenina remove successful.
2021-07-04 18:23:18 INFO  - 1: Lecturer(students=[Student(), Student(), Student(), Student()])
2021-07-05 09:21:11 INFO  - 1: Lecturer(students=[Student(), Student(), Student(), Student()])
2021-07-05 09:22:57 INFO  - 1: Lecturer(students=[Student(), Student(), Student(), Student()])
2021-07-05 09:24:31 INFO  - 1: Lecturer(students=[Student(), Student(), Student(), Student()])
2021-07-05 18:19:13 INFO  - 1: Lecturer(students=[Student(firstName=Denis, lastName=Kaydunov, age=31), Student(firstName=Katya, lastName=Bulova, age=19), Student(firstName=Vlad, lastName=Dragon, age=29), Student(firstName=Alexander, lastName=Matckevich, age=33)], firstName=Artemiy, lastName=Stankevich, age=33)
