2021-05-05 00:26:05 INFO  Library:48 - FindByAuthor: 
2021-05-05 00:26:05 INFO  Library:53 - Book of РџСѓС€РєРёРЅ not found.
2021-05-05 00:26:05 INFO  Library:32 - FindByName: War and Peace found: Book(name=War and Peace, author=Leo Tolstoy)
2021-05-05 00:26:05 INFO  Library:48 - FindByAuthor: 
2021-05-05 00:26:05 INFO  Library:50 - Book(name=Anna Karenina, author=Leo Tolstoy)
2021-05-05 00:26:05 INFO  Library:50 - Book(name=War and Peace, author=Leo Tolstoy)
2021-05-05 00:26:05 INFO  Library:22 - DeleteBook: Anna Karenina remove successful.
2021-05-05 00:28:27 INFO  Library:48 - FindByAuthor: 
2021-05-05 00:28:27 INFO  Library:53 - Book of РџСѓС€РєРёРЅ not found.
2021-05-05 00:28:27 INFO  Library:32 - FindByName: War and Peace found: Book(name=War and Peace, author=Leo Tolstoy)
2021-05-05 00:28:27 INFO  Library:48 - FindByAuthor: 
2021-05-05 00:28:27 INFO  Library:50 - Book(name=Anna Karenina, author=Leo Tolstoy)
2021-05-05 00:28:27 INFO  Library:50 - Book(name=War and Peace, author=Leo Tolstoy)
2021-05-05 00:28:27 INFO  Library:22 - DeleteBook: Anna Karenina remove successful.
2021-05-05 00:32:59 INFO  Library:49 - FindByAuthor: РџСѓС€РєРёРЅ
2021-05-05 00:32:59 INFO  Library:54 - Book of РџСѓС€РєРёРЅ not found.
2021-05-05 00:32:59 INFO  Library:17 - AddBook: Р•РІРіРµРЅРёР№ РћРЅРµРіРёРЅ add successful.
2021-05-05 00:32:59 INFO  Library:17 - AddBook: Р’Р»Р°СЃС‚РµР»РёРЅ РєРѕР»РµС† add successful.
2021-05-05 00:32:59 INFO  Library:17 - AddBook: Р”СѓР±СЂРѕРІСЃРєРёР№ add successful.
2021-05-05 00:32:59 INFO  Library:17 - AddBook: Р’РѕР№РЅР° Рё РјРёСЂ add successful.
2021-05-05 00:32:59 INFO  Library:17 - AddBook: War and Peace add successful.
2021-05-05 00:32:59 INFO  Library:17 - AddBook: Anna Karenina add successful.
2021-05-05 00:32:59 INFO  Library:33 - FindByName: War and Peace found: Book(name=War and Peace, author=Leo Tolstoy)
2021-05-05 00:32:59 INFO  Library:49 - FindByAuthor: Leo Tolstoy
2021-05-05 00:32:59 INFO  Library:51 - --Book(name=Anna Karenina, author=Leo Tolstoy)
2021-05-05 00:32:59 INFO  Library:51 - --Book(name=War and Peace, author=Leo Tolstoy)
2021-05-05 00:32:59 INFO  Library:23 - DeleteBook: Anna Karenina remove successful.
2021-05-05 00:34:10 INFO  - FindByAuthor: РџСѓС€РєРёРЅ
2021-05-05 00:34:10 INFO  - Book of РџСѓС€РєРёРЅ not found.
2021-05-05 00:34:10 INFO  - AddBook: Р•РІРіРµРЅРёР№ РћРЅРµРіРёРЅ add successful.
2021-05-05 00:34:10 INFO  - AddBook: Р’Р»Р°СЃС‚РµР»РёРЅ РєРѕР»РµС† add successful.
2021-05-05 00:34:10 INFO  - AddBook: Р”СѓР±СЂРѕРІСЃРєРёР№ add successful.
2021-05-05 00:34:10 INFO  - AddBook: Р’РѕР№РЅР° Рё РјРёСЂ add successful.
2021-05-05 00:34:10 INFO  - AddBook: War and Peace add successful.
2021-05-05 00:34:10 INFO  - AddBook: Anna Karenina add successful.
2021-05-05 00:34:10 INFO  - FindByName: War and Peace found: Book(name=War and Peace, author=Leo Tolstoy)
2021-05-05 00:34:10 INFO  - FindByAuthor: Leo Tolstoy
2021-05-05 00:34:10 INFO  - --Book(name=Anna Karenina, author=Leo Tolstoy)
2021-05-05 00:34:10 INFO  - --Book(name=War and Peace, author=Leo Tolstoy)
2021-05-05 00:34:10 INFO  - DeleteBook: Anna Karenina remove successful.
2021-05-05 00:40:28 INFO  - AddBook: Р•РІРіРµРЅРёР№ РћРЅРµРіРёРЅ add successful.
2021-05-05 00:40:28 INFO  - AddBook: Р’Р»Р°СЃС‚РµР»РёРЅ РєРѕР»РµС† add successful.
2021-05-05 00:42:02 INFO  - AddBook: Р•РІРіРµРЅРёР№ РћРЅРµРіРёРЅ add successful.
2021-05-05 00:42:02 INFO  - AddBook: Р’Р»Р°СЃС‚РµР»РёРЅ РєРѕР»РµС† add successful.
2021-05-05 00:42:49 INFO  - AddBook: Р•РІРіРµРЅРёР№ РћРЅРµРіРёРЅ add successful.
2021-05-05 00:42:49 INFO  - AddBook: Р’Р»Р°СЃС‚РµР»РёРЅ РєРѕР»РµС† add successful.
2021-05-05 00:43:35 INFO  - AddBook: Р•РІРіРµРЅРёР№ РћРЅРµРіРёРЅ add successful.
2021-05-05 00:43:35 INFO  - AddBook: Р’Р»Р°СЃС‚РµР»РёРЅ РєРѕР»РµС† add successful.
2021-05-05 00:43:35 INFO  - DeleteBook: Р•РІРіРµРЅРёР№ РћРЅРµРіРёРЅ remove successful.
2021-05-05 00:46:09 INFO  - AddBook: Р•РІРіРµРЅРёР№ РћРЅРµРіРёРЅ add successful.
2021-05-05 00:46:09 INFO  - FindByName: Р•РІРіРµРЅРёР№ РћРЅРµРіРёРЅ found: Book(name=Р•РІРіРµРЅРёР№ РћРЅРµРіРёРЅ, author=РџСѓС€РєРёРЅ)
2021-05-05 00:47:31 INFO  - AddBook: Р•РІРіРµРЅРёР№ РћРЅРµРіРёРЅ add successful.
2021-05-05 00:47:31 INFO  - FindByName: Р•РІРіРµРЅРёР№ РћРЅРµРіРёРЅ found: Book(name=Р•РІРіРµРЅРёР№ РћРЅРµРіРёРЅ, author=РџСѓС€РєРёРЅ)
2021-05-05 00:47:31 INFO  - Book Some name not found.
2021-05-05 01:01:34 INFO  - AddBook: Р•РІРіРµРЅРёР№ РћРЅРµРіРёРЅ add successful.
2021-05-05 01:01:34 INFO  - AddBook: Р’Р»Р°СЃС‚РµР»РёРЅ РєРѕР»РµС† add successful.
2021-05-05 01:01:34 INFO  - AddBook: Р”СѓР±СЂРѕРІСЃРєРёР№ add successful.
2021-05-05 01:01:34 INFO  - FindByAuthor: РўРѕР»РєРёРµРЅ
2021-05-05 01:01:34 INFO  - --Book(name=Р’Р»Р°СЃС‚РµР»РёРЅ РєРѕР»РµС†, author=РўРѕР»РєРёРµРЅ)
2021-05-05 01:01:34 INFO  - FindByAuthor: РџСѓС€РєРёРЅ
2021-05-05 01:01:34 INFO  - --Book(name=Р•РІРіРµРЅРёР№ РћРЅРµРіРёРЅ, author=РџСѓС€РєРёРЅ)
2021-05-05 01:01:34 INFO  - --Book(name=Р”СѓР±СЂРѕРІСЃРєРёР№, author=РџСѓС€РєРёРЅ)
2021-05-05 01:02:14 INFO  - AddBook: Р•РІРіРµРЅРёР№ РћРЅРµРіРёРЅ add successful.
2021-05-05 01:02:14 INFO  - AddBook: Р’Р»Р°СЃС‚РµР»РёРЅ РєРѕР»РµС† add successful.
2021-05-05 01:02:14 INFO  - DeleteBook: Р•РІРіРµРЅРёР№ РћРЅРµРіРёРЅ remove successful.
2021-05-05 01:02:14 INFO  - AddBook: Р•РІРіРµРЅРёР№ РћРЅРµРіРёРЅ add successful.
2021-05-05 01:02:14 INFO  - FindByName: Р•РІРіРµРЅРёР№ РћРЅРµРіРёРЅ found: Book(name=Р•РІРіРµРЅРёР№ РћРЅРµРіРёРЅ, author=РџСѓС€РєРёРЅ)
2021-05-05 01:02:14 INFO  - Book Some name not found.
2021-05-05 01:02:14 INFO  - AddBook: Р•РІРіРµРЅРёР№ РћРЅРµРіРёРЅ add successful.
2021-05-05 01:02:14 INFO  - AddBook: Р’Р»Р°СЃС‚РµР»РёРЅ РєРѕР»РµС† add successful.
2021-05-05 01:02:14 INFO  - AddBook: Р•РІРіРµРЅРёР№ РћРЅРµРіРёРЅ add successful.
2021-05-05 01:02:14 INFO  - AddBook: Р’Р»Р°СЃС‚РµР»РёРЅ РєРѕР»РµС† add successful.
2021-05-05 01:02:14 INFO  - AddBook: Р”СѓР±СЂРѕРІСЃРєРёР№ add successful.
2021-05-05 01:02:14 INFO  - FindByAuthor: РўРѕР»РєРёРµРЅ
2021-05-05 01:02:14 INFO  - --Book(name=Р’Р»Р°СЃС‚РµР»РёРЅ РєРѕР»РµС†, author=РўРѕР»РєРёРµРЅ)
2021-05-05 01:02:14 INFO  - FindByAuthor: РџСѓС€РєРёРЅ
2021-05-05 01:02:14 INFO  - --Book(name=Р•РІРіРµРЅРёР№ РћРЅРµРіРёРЅ, author=РџСѓС€РєРёРЅ)
2021-05-05 01:02:14 INFO  - --Book(name=Р”СѓР±СЂРѕРІСЃРєРёР№, author=РџСѓС€РєРёРЅ)
2021-05-05 01:21:09 INFO  - AddBook: Евгений Онегин add successful.
2021-05-05 01:21:09 INFO  - AddBook: Властелин колец add successful.
2021-05-05 01:21:09 INFO  - DeleteBook: Евгений Онегин remove successful.
2021-05-05 01:21:09 INFO  - AddBook: Евгений Онегин add successful.
2021-05-05 01:21:09 INFO  - FindByName: Евгений Онегин found: Book(name=Евгений Онегин, author=Пушкин)
2021-05-05 01:21:09 INFO  - Book Some name not found.
2021-05-05 01:21:09 INFO  - AddBook: Евгений Онегин add successful.
2021-05-05 01:21:09 INFO  - AddBook: Властелин колец add successful.
2021-05-05 01:21:09 INFO  - AddBook: Евгений Онегин add successful.
2021-05-05 01:21:09 INFO  - AddBook: Властелин колец add successful.
2021-05-05 01:21:09 INFO  - AddBook: Дубровский add successful.
2021-05-05 01:21:09 INFO  - FindByAuthor: Толкиен
2021-05-05 01:21:09 INFO  - --Book(name=Властелин колец, author=Толкиен)
2021-05-05 01:21:09 INFO  - FindByAuthor: Пушкин
2021-05-05 01:21:09 INFO  - --Book(name=Евгений Онегин, author=Пушкин)
2021-05-05 01:21:09 INFO  - --Book(name=Дубровский, author=Пушкин)
2021-05-05 01:23:25 INFO  - FindByAuthor: РџСѓС€РєРёРЅ
2021-05-05 01:23:25 INFO  - Book of РџСѓС€РєРёРЅ not found.
2021-05-05 01:23:25 INFO  - AddBook: Р•РІРіРµРЅРёР№ РћРЅРµРіРёРЅ add successful.
2021-05-05 01:23:25 INFO  - AddBook: Р’Р»Р°СЃС‚РµР»РёРЅ РєРѕР»РµС† add successful.
2021-05-05 01:23:25 INFO  - AddBook: Р”СѓР±СЂРѕРІСЃРєРёР№ add successful.
2021-05-05 01:23:25 INFO  - AddBook: Р’РѕР№РЅР° Рё РјРёСЂ add successful.
2021-05-05 01:23:25 INFO  - AddBook: War and Peace add successful.
2021-05-05 01:23:25 INFO  - AddBook: Anna Karenina add successful.
2021-05-05 01:23:25 INFO  - FindByName: War and Peace found: Book(name=War and Peace, author=Leo Tolstoy)
2021-05-05 01:23:25 INFO  - FindByAuthor: Leo Tolstoy
2021-05-05 01:23:25 INFO  - --Book(name=Anna Karenina, author=Leo Tolstoy)
2021-05-05 01:23:25 INFO  - --Book(name=War and Peace, author=Leo Tolstoy)
2021-05-05 01:23:25 INFO  - DeleteBook: Anna Karenina remove successful.
2021-07-18 10:41:53 INFO  - User(id=1, name=Antuan, age=30) save in MockUserRepository.
2021-07-18 10:41:53 INFO  - User(id=1, name=Antuan, age=30) - СЃРѕС…СЂР°РЅРµРЅ РІ MockUserRepository
2021-07-18 10:43:05 INFO  - User(id=1, name=Antuan, age=30) save in MockUserRepository.
2021-07-18 10:43:05 INFO  - User(id=1, name=Antuan, age=30) - СЃРѕС…СЂР°РЅРµРЅ РІ MockUserRepository
2021-07-18 10:44:19 INFO  - User(id=1, name=Antuan, age=30) save in MockUserRepository.
2021-07-18 10:44:19 INFO  - User(id=1, name=Antuan, age=30) save in MockUserRepository.
2021-07-18 10:51:46 INFO  - User(id=1, name=Antuan, age=30) save in MockUserRepository.
2021-07-18 10:51:46 INFO  - User(id=1, name=Antuan, age=30) save in MockUserRepository.
2021-07-18 10:53:37 INFO  - User(id=1, name=Antuan, age=30) save in MockUserRepository !!.
2021-07-18 10:53:37 INFO  - User(id=1, name=Antuan, age=30) save in MockUserRepository.
2021-07-18 10:53:57 INFO  - User(id=1, name=Antuan, age=30) save in MockUserRepository
2021-07-18 10:53:57 INFO  - User(id=1, name=Antuan, age=30) save in MockUserRepository.
2021-07-18 10:55:25 INFO  - User(id=1, name=Antuan, age=30) save in MockUserRepository.
2021-07-18 10:55:25 INFO  - User(id=1, name=Antuan, age=30) save in MockUserRepository.
2021-07-18 10:57:27 INFO  - User(id=1, name=Antuan, age=30) save in MockUserRepository.
2021-07-18 10:57:27 INFO  - User(id=1, name=Antuan, age=30) save in MockUserRepository.
2021-07-18 10:57:40 INFO  - User(id=1, name=Antuan, age=30) save in MockUserRepository.
2021-07-18 10:57:40 INFO  - User(id=1, name=Antuan, age=30) save in MockUserRepository.
2021-07-18 10:57:54 INFO  - User(id=1, name=Antuan, age=30) save in MockUserRepository.
2021-07-18 10:57:54 INFO  - User(id=1, name=Antuan, age=30) save in MockUserRepository.
2021-07-18 10:58:30 INFO  - User(id=1, name=Antuan, age=30) save in MockUserRepository.
2021-07-18 10:58:30 INFO  - User(id=1, name=Antuan, age=30) save in MockUserRepository.
2021-07-18 10:58:47 INFO  - User(id=1, name=Antuan, age=30) save in MockUserRepository.
2021-07-18 10:58:47 INFO  - User(id=1, name=Antuan, age=30) save in MockUserRepository.
2021-07-18 10:59:01 INFO  - User(id=1, name=Antuan, age=30) save in MockUserRepository.
2021-07-18 10:59:01 INFO  - User(id=1, name=Antuan, age=30) save in MockUserRepository.
2021-07-18 11:03:47 INFO  - User(id=1, name=Antuan, age=30) save in MockUserRepository.
2021-07-18 11:03:54 INFO  - User(id=1, name=Antuan, age=30) save in MockUserRepository.
2021-07-18 11:04:22 INFO  - User(id=1, name=Antuan, age=30) save in MockUserRepository.
2021-07-18 11:04:44 INFO  - User(id=1, name=Antuan, age=30) save in MockUserRepository.
2021-07-18 11:16:46 INFO  - User(id=1, name=Antuan, age=30) save in MockUserRepository.
2021-07-18 11:17:49 INFO  - User(id=1, name=Antuan, age=30) save in MockUserRepository.
2021-07-18 11:18:21 INFO  - User(id=1, name=Antuan, age=30) save in MockUserRepository.
2021-07-18 11:19:17 INFO  - User(id=1, name=Antuan, age=30) save in MockUserRepository.
2021-07-18 11:19:28 INFO  - User(id=1, name=Antuan, age=30) save in MockUserRepository.
2021-07-18 11:23:51 INFO  - User(id=1, name=Antuan, age=30) save in MockUserRepository.
2021-07-18 11:24:14 INFO  - User(id=1, name=Antuan, age=30) save in MockUserRepository.
2021-07-18 11:24:36 INFO  - User(id=1, name=Antuan, age=30) save in MockUserRepository.
2021-07-18 11:41:41 INFO  - User(id=1, name=Antuan, age=30) save in MockUserRepository.
2021-07-18 11:43:17 INFO  - User(id=1, name=Antuan, age=30) save in MockUserRepository.
2021-07-18 11:48:35 INFO  - User(id=1, name=Antuan, age=30) save in MockUserRepository.
2021-07-18 11:48:58 INFO  - User(id=1, name=Antuan, age=30) save in MockUserRepository.
2021-07-18 11:50:08 INFO  - User(id=1, name=Antuan, age=30) save in MockUserRepository.
2021-07-18 12:03:23 INFO  - User(id=1, name=Antuan, age=30) save in MockUserRepository.
2021-07-18 12:05:15 INFO  - User(id=1, name=Antonio, age=30) save in MockUserRepository.
